<?xml version="1.0" encoding="UTF-8"?>
<!-- Generated by org.testng.reporters.JUnitReportReporter -->
<testsuite hostname="DESKTOP-28" failures="0" tests="6" name="testScripts.LaptopTest" time="102.193" errors="1" timestamp="2024-04-24T12:44:00 IST" skipped="0">
  <testcase classname="testScripts.LaptopTest" name="Delli78gbLaptop" time="19.835">
    <system-out>
      <![CDATA[Dell i7 8gb Laptop is Purchased]]>
    </system-out>
  </testcase> <!-- Delli78gbLaptop -->
  <testcase classname="testScripts.LaptopTest" name="Dell156InchLaptop" time="32.205">
    <system-out>
      <![CDATA[Dell 15.6 Inch Laptop is Purchased]]>
    </system-out>
  </testcase> <!-- Dell156InchLaptop -->
  <testcase classname="testScripts.LaptopTest" name="MacBookairLaptop" time="16.099">
    <system-out>
      <![CDATA[MacBook air Laptop is Purchased]]>
    </system-out>
  </testcase> <!-- MacBookairLaptop -->
  <testcase classname="testScripts.LaptopTest" name="Sonyvaioi5" time="1.049">
    <error message="stale element reference: stale element not found in the current frame
  (Session info: chrome=124.0.6367.61)
For documentation on this error, please visit: https://www.selenium.dev/documentation/webdriver/troubleshooting/errors#stale-element-reference-exception
Build info: version: &#039;4.17.0&#039;, revision: &#039;e52b1be057*&#039;
System info: os.name: &#039;Windows 10&#039;, os.arch: &#039;amd64&#039;, os.version: &#039;10.0&#039;, java.version: &#039;17.0.6&#039;
Driver info: org.openqa.selenium.chrome.ChromeDriver
Command: [84723e24149ddb07efc46a8dbdb1cab5, clickElement {id=f.365DB516A8B13F6BCA9223CC63891E09.d.BB46D956E54FAA55DAE9DB0368E42B35.e.838}]
Capabilities {acceptInsecureCerts: false, browserName: chrome, browserVersion: 124.0.6367.61, chrome: {chromedriverVersion: 124.0.6367.78 (a087f2dd364d..., userDataDir: C:\Windows\SystemTemp\scope...}, fedcm:accounts: true, goog:chromeOptions: {debuggerAddress: localhost:60334}, networkConnectionEnabled: false, pageLoadStrategy: normal, platformName: windows, proxy: Proxy(), se:cdp: ws://localhost:60334/devtoo..., se:cdpVersion: 124.0.6367.61, setWindowRect: true, strictFileInteractability: false, timeouts: {implicit: 0, pageLoad: 300000, script: 30000}, unhandledPromptBehavior: dismiss and notify, webauthn:extension:credBlob: true, webauthn:extension:largeBlob: true, webauthn:extension:minPinLength: true, webauthn:extension:prf: true, webauthn:virtualAuthenticators: true}
Element: [[ChromeDriver: chrome on windows (84723e24149ddb07efc46a8dbdb1cab5)] -&gt; xpath: //a[.=&#039;Sony vaio i5&#039;]]
Session ID: 84723e24149ddb07efc46a8dbdb1cab5" type="org.openqa.selenium.StaleElementReferenceException">
      <![CDATA[org.openqa.selenium.StaleElementReferenceException: stale element reference: stale element not found in the current frame
  (Session info: chrome=124.0.6367.61)
For documentation on this error, please visit: https://www.selenium.dev/documentation/webdriver/troubleshooting/errors#stale-element-reference-exception
Build info: version: '4.17.0', revision: 'e52b1be057*'
System info: os.name: 'Windows 10', os.arch: 'amd64', os.version: '10.0', java.version: '17.0.6'
Driver info: org.openqa.selenium.chrome.ChromeDriver
Command: [84723e24149ddb07efc46a8dbdb1cab5, clickElement {id=f.365DB516A8B13F6BCA9223CC63891E09.d.BB46D956E54FAA55DAE9DB0368E42B35.e.838}]
Capabilities {acceptInsecureCerts: false, browserName: chrome, browserVersion: 124.0.6367.61, chrome: {chromedriverVersion: 124.0.6367.78 (a087f2dd364d..., userDataDir: C:\Windows\SystemTemp\scope...}, fedcm:accounts: true, goog:chromeOptions: {debuggerAddress: localhost:60334}, networkConnectionEnabled: false, pageLoadStrategy: normal, platformName: windows, proxy: Proxy(), se:cdp: ws://localhost:60334/devtoo..., se:cdpVersion: 124.0.6367.61, setWindowRect: true, strictFileInteractability: false, timeouts: {implicit: 0, pageLoad: 300000, script: 30000}, unhandledPromptBehavior: dismiss and notify, webauthn:extension:credBlob: true, webauthn:extension:largeBlob: true, webauthn:extension:minPinLength: true, webauthn:extension:prf: true, webauthn:virtualAuthenticators: true}
Element: [[ChromeDriver: chrome on windows (84723e24149ddb07efc46a8dbdb1cab5)] -> xpath: //a[.='Sony vaio i5']]
Session ID: 84723e24149ddb07efc46a8dbdb1cab5
at java.base/jdk.internal.reflect.NativeConstructorAccessorImpl.newInstance0(Native Method)
at java.base/jdk.internal.reflect.NativeConstructorAccessorImpl.newInstance(NativeConstructorAccessorImpl.java:77)
at java.base/jdk.internal.reflect.DelegatingConstructorAccessorImpl.newInstance(DelegatingConstructorAccessorImpl.java:45)
at java.base/java.lang.reflect.Constructor.newInstanceWithCaller(Constructor.java:499)
at java.base/java.lang.reflect.Constructor.newInstance(Constructor.java:480)
at org.openqa.selenium.remote.codec.w3c.W3CHttpResponseCodec.createException(W3CHttpResponseCodec.java:185)
at org.openqa.selenium.remote.codec.w3c.W3CHttpResponseCodec.decode(W3CHttpResponseCodec.java:134)
at org.openqa.selenium.remote.codec.w3c.W3CHttpResponseCodec.decode(W3CHttpResponseCodec.java:51)
at org.openqa.selenium.remote.HttpCommandExecutor.execute(HttpCommandExecutor.java:190)
at org.openqa.selenium.remote.service.DriverCommandExecutor.invokeExecute(DriverCommandExecutor.java:216)
at org.openqa.selenium.remote.service.DriverCommandExecutor.execute(DriverCommandExecutor.java:174)
at org.openqa.selenium.remote.RemoteWebDriver.execute(RemoteWebDriver.java:519)
at org.openqa.selenium.remote.RemoteWebElement.execute(RemoteWebElement.java:223)
at org.openqa.selenium.remote.RemoteWebElement.click(RemoteWebElement.java:76)
at jdk.internal.reflect.GeneratedMethodAccessor1.invoke(Unknown Source)
at java.base/jdk.internal.reflect.DelegatingMethodAccessorImpl.invoke(DelegatingMethodAccessorImpl.java:43)
at java.base/java.lang.reflect.Method.invoke(Method.java:568)
at org.openqa.selenium.support.pagefactory.internal.LocatingElementHandler.invoke(LocatingElementHandler.java:51)
at jdk.proxy2/jdk.proxy2.$Proxy17.click(Unknown Source)
at testScripts.LaptopTest.Sonyvaioi5(LaptopTest.java:36)
at java.base/jdk.internal.reflect.NativeMethodAccessorImpl.invoke0(Native Method)
at java.base/jdk.internal.reflect.NativeMethodAccessorImpl.invoke(NativeMethodAccessorImpl.java:77)
at java.base/jdk.internal.reflect.DelegatingMethodAccessorImpl.invoke(DelegatingMethodAccessorImpl.java:43)
at java.base/java.lang.reflect.Method.invoke(Method.java:568)
at org.testng.internal.invokers.MethodInvocationHelper.invokeMethod(MethodInvocationHelper.java:139)
at org.testng.internal.invokers.TestInvoker.invokeMethod(TestInvoker.java:664)
at org.testng.internal.invokers.TestInvoker.invokeTestMethod(TestInvoker.java:227)
at org.testng.internal.invokers.MethodRunner.runInSequence(MethodRunner.java:50)
at org.testng.internal.invokers.TestInvoker$MethodInvocationAgent.invoke(TestInvoker.java:957)
at org.testng.internal.invokers.TestInvoker.invokeTestMethods(TestInvoker.java:200)
at org.testng.internal.invokers.TestMethodWorker.invokeTestMethods(TestMethodWorker.java:148)
at org.testng.internal.invokers.TestMethodWorker.run(TestMethodWorker.java:128)
at java.base/java.util.ArrayList.forEach(ArrayList.java:1511)
at org.testng.TestRunner.privateRun(TestRunner.java:848)
at org.testng.TestRunner.run(TestRunner.java:621)
at org.testng.SuiteRunner.runTest(SuiteRunner.java:443)
at org.testng.SuiteRunner.runSequentially(SuiteRunner.java:437)
at org.testng.SuiteRunner.privateRun(SuiteRunner.java:397)
at org.testng.SuiteRunner.run(SuiteRunner.java:336)
at org.testng.SuiteRunnerWorker.runSuite(SuiteRunnerWorker.java:52)
at org.testng.SuiteRunnerWorker.run(SuiteRunnerWorker.java:95)
at org.testng.TestNG.runSuitesSequentially(TestNG.java:1280)
at org.testng.TestNG.runSuitesLocally(TestNG.java:1200)
at org.testng.TestNG.runSuites(TestNG.java:1114)
at org.testng.TestNG.run(TestNG.java:1082)
at org.testng.remote.AbstractRemoteTestNG.run(AbstractRemoteTestNG.java:115)
at org.testng.remote.RemoteTestNG.initAndRun(RemoteTestNG.java:251)
at org.testng.remote.RemoteTestNG.main(RemoteTestNG.java:77)
]]>
    </error>
  </testcase> <!-- Sonyvaioi5 -->
  <testcase classname="testScripts.LaptopTest" name="Sonyvaioi7" time="15.770">
    <system-out>
      <![CDATA[Sony vaio i7 Laptop is Purchased]]>
    </system-out>
  </testcase> <!-- Sonyvaioi7 -->
  <testcase classname="testScripts.LaptopTest" name="MacBookProLaptop" time="17.235">
    <system-out>
      <![CDATA[MacBook Pro Laptop is Purchased]]>
    </system-out>
  </testcase> <!-- MacBookProLaptop -->
  <system-out>
    <![CDATA[connect to database
Before test
Before class
Login
Dell 15.6 Inch Laptop is Purchased
Logout
Login
Dell i7 8gb Laptop is Purchased
Logout
Login
MacBook Pro Laptop is Purchased
Logout
Login
MacBook air Laptop is Purchased
Logout
Login
Logout
Login
Sony vaio i7 Laptop is Purchased
Logout
After class
Before class
Login
ASUS Full HD is Purchased
Logout
Login
Apple Monitor24 is Purchased
Logout
Login
Dell 15.6 Inch Laptop is Purchased
Logout
Login
Dell i7 8gb Laptop is Purchased
Logout
Login
Logout
Login
Logout
Login
MacBook Pro Laptop is Purchased
Logout
Login
MacBook air Laptop is Purchased
Logout
Login
Nexus6 is Purchased
Logout
Login
Nokia lumia 1520 is Purchased
Logout
Login
Samsung galaxys6 is Purchased
Logout
Login
Samsung galaxys7 is Purchased
Logout
Login
Sony vaio i5 is Purchased
Logout
Login
Sony vaio i7 is Purchased
Logout
Login
Sony xperia z5 is Purchased
Logout
After class
Before class
Login
Contact Message is successfully sent 
Logout
Login
Login is successfully done
Logout
Login
Advertisement is played successfully 
Logout
Login
Signup is successfully done
Logout
After class
Before class
Login
ASUS Full HD is Purchased
Logout
Login
Apple Monitor24 is Purchased
Logout
After class
After test
close connection to database]]>
  </system-out>
</testsuite> <!-- testScripts.LaptopTest -->
