<?xml version="1.0" encoding="UTF-8"?>
<!-- Generated by org.testng.reporters.JUnitReportReporter -->
<testsuite hostname="DESKTOP-28" failures="0" tests="15" name="testScripts.MobileTest" time="205.807" errors="2" timestamp="2024-04-24T12:44:00 IST" skipped="0">
  <testcase classname="testScripts.MobileTest" name="Sonyvaioi7" time="14.404">
    <system-out>
      <![CDATA[Sony vaio i7 is Purchased]]>
    </system-out>
  </testcase> <!-- Sonyvaioi7 -->
  <testcase classname="testScripts.MobileTest" name="Nokialumia1520" time="14.340">
    <system-out>
      <![CDATA[Nokia lumia 1520 is Purchased]]>
    </system-out>
  </testcase> <!-- Nokialumia1520 -->
  <testcase classname="testScripts.MobileTest" name="Sonyvaioi5" time="14.790">
    <system-out>
      <![CDATA[Sony vaio i5 is Purchased]]>
    </system-out>
  </testcase> <!-- Sonyvaioi5 -->
  <testcase classname="testScripts.MobileTest" name="Sonyxperiaz5" time="16.309">
    <system-out>
      <![CDATA[Sony xperia z5 is Purchased]]>
    </system-out>
  </testcase> <!-- Sonyxperiaz5 -->
  <testcase classname="testScripts.MobileTest" name="Applemonitor24" time="17.885">
    <system-out>
      <![CDATA[Apple Monitor24 is Purchased]]>
    </system-out>
  </testcase> <!-- Applemonitor24 -->
  <testcase classname="testScripts.MobileTest" name="Dell156InchLaptop" time="15.687">
    <system-out>
      <![CDATA[Dell 15.6 Inch Laptop is Purchased]]>
    </system-out>
  </testcase> <!-- Dell156InchLaptop -->
  <testcase classname="testScripts.MobileTest" name="HTCOneM9" time="1.235">
    <error message="stale element reference: stale element not found in the current frame
  (Session info: chrome=124.0.6367.61)
For documentation on this error, please visit: https://www.selenium.dev/documentation/webdriver/troubleshooting/errors#stale-element-reference-exception
Build info: version: &#039;4.17.0&#039;, revision: &#039;e52b1be057*&#039;
System info: os.name: &#039;Windows 10&#039;, os.arch: &#039;amd64&#039;, os.version: &#039;10.0&#039;, java.version: &#039;17.0.6&#039;
Driver info: org.openqa.selenium.chrome.ChromeDriver
Command: [df3e880071d49fb86b0536f9e5b0305f, clickElement {id=f.FB6C7BE95B32C12A1BC61D90389D725A.d.E46A3160810EC9B63349D5D8E9CB13AD.e.783}]
Capabilities {acceptInsecureCerts: false, browserName: chrome, browserVersion: 124.0.6367.61, chrome: {chromedriverVersion: 124.0.6367.78 (a087f2dd364d..., userDataDir: C:\Windows\SystemTemp\scope...}, fedcm:accounts: true, goog:chromeOptions: {debuggerAddress: localhost:60414}, networkConnectionEnabled: false, pageLoadStrategy: normal, platformName: windows, proxy: Proxy(), se:cdp: ws://localhost:60414/devtoo..., se:cdpVersion: 124.0.6367.61, setWindowRect: true, strictFileInteractability: false, timeouts: {implicit: 0, pageLoad: 300000, script: 30000}, unhandledPromptBehavior: dismiss and notify, webauthn:extension:credBlob: true, webauthn:extension:largeBlob: true, webauthn:extension:minPinLength: true, webauthn:extension:prf: true, webauthn:virtualAuthenticators: true}
Element: [[ChromeDriver: chrome on windows (df3e880071d49fb86b0536f9e5b0305f)] -&gt; xpath: //a[.=&#039;HTC One M9&#039;]]
Session ID: df3e880071d49fb86b0536f9e5b0305f" type="org.openqa.selenium.StaleElementReferenceException">
      <![CDATA[org.openqa.selenium.StaleElementReferenceException: stale element reference: stale element not found in the current frame
  (Session info: chrome=124.0.6367.61)
For documentation on this error, please visit: https://www.selenium.dev/documentation/webdriver/troubleshooting/errors#stale-element-reference-exception
Build info: version: '4.17.0', revision: 'e52b1be057*'
System info: os.name: 'Windows 10', os.arch: 'amd64', os.version: '10.0', java.version: '17.0.6'
Driver info: org.openqa.selenium.chrome.ChromeDriver
Command: [df3e880071d49fb86b0536f9e5b0305f, clickElement {id=f.FB6C7BE95B32C12A1BC61D90389D725A.d.E46A3160810EC9B63349D5D8E9CB13AD.e.783}]
Capabilities {acceptInsecureCerts: false, browserName: chrome, browserVersion: 124.0.6367.61, chrome: {chromedriverVersion: 124.0.6367.78 (a087f2dd364d..., userDataDir: C:\Windows\SystemTemp\scope...}, fedcm:accounts: true, goog:chromeOptions: {debuggerAddress: localhost:60414}, networkConnectionEnabled: false, pageLoadStrategy: normal, platformName: windows, proxy: Proxy(), se:cdp: ws://localhost:60414/devtoo..., se:cdpVersion: 124.0.6367.61, setWindowRect: true, strictFileInteractability: false, timeouts: {implicit: 0, pageLoad: 300000, script: 30000}, unhandledPromptBehavior: dismiss and notify, webauthn:extension:credBlob: true, webauthn:extension:largeBlob: true, webauthn:extension:minPinLength: true, webauthn:extension:prf: true, webauthn:virtualAuthenticators: true}
Element: [[ChromeDriver: chrome on windows (df3e880071d49fb86b0536f9e5b0305f)] -> xpath: //a[.='HTC One M9']]
Session ID: df3e880071d49fb86b0536f9e5b0305f
at java.base/jdk.internal.reflect.NativeConstructorAccessorImpl.newInstance0(Native Method)
at java.base/jdk.internal.reflect.NativeConstructorAccessorImpl.newInstance(NativeConstructorAccessorImpl.java:77)
at java.base/jdk.internal.reflect.DelegatingConstructorAccessorImpl.newInstance(DelegatingConstructorAccessorImpl.java:45)
at java.base/java.lang.reflect.Constructor.newInstanceWithCaller(Constructor.java:499)
at java.base/java.lang.reflect.Constructor.newInstance(Constructor.java:480)
at org.openqa.selenium.remote.codec.w3c.W3CHttpResponseCodec.createException(W3CHttpResponseCodec.java:185)
at org.openqa.selenium.remote.codec.w3c.W3CHttpResponseCodec.decode(W3CHttpResponseCodec.java:134)
at org.openqa.selenium.remote.codec.w3c.W3CHttpResponseCodec.decode(W3CHttpResponseCodec.java:51)
at org.openqa.selenium.remote.HttpCommandExecutor.execute(HttpCommandExecutor.java:190)
at org.openqa.selenium.remote.service.DriverCommandExecutor.invokeExecute(DriverCommandExecutor.java:216)
at org.openqa.selenium.remote.service.DriverCommandExecutor.execute(DriverCommandExecutor.java:174)
at org.openqa.selenium.remote.RemoteWebDriver.execute(RemoteWebDriver.java:519)
at org.openqa.selenium.remote.RemoteWebElement.execute(RemoteWebElement.java:223)
at org.openqa.selenium.remote.RemoteWebElement.click(RemoteWebElement.java:76)
at jdk.internal.reflect.GeneratedMethodAccessor1.invoke(Unknown Source)
at java.base/jdk.internal.reflect.DelegatingMethodAccessorImpl.invoke(DelegatingMethodAccessorImpl.java:43)
at java.base/java.lang.reflect.Method.invoke(Method.java:568)
at org.openqa.selenium.support.pagefactory.internal.LocatingElementHandler.invoke(LocatingElementHandler.java:51)
at jdk.proxy2/jdk.proxy2.$Proxy17.click(Unknown Source)
at testScripts.MobileTest.HTCOneM9(MobileTest.java:224)
at java.base/jdk.internal.reflect.NativeMethodAccessorImpl.invoke0(Native Method)
at java.base/jdk.internal.reflect.NativeMethodAccessorImpl.invoke(NativeMethodAccessorImpl.java:77)
at java.base/jdk.internal.reflect.DelegatingMethodAccessorImpl.invoke(DelegatingMethodAccessorImpl.java:43)
at java.base/java.lang.reflect.Method.invoke(Method.java:568)
at org.testng.internal.invokers.MethodInvocationHelper.invokeMethod(MethodInvocationHelper.java:139)
at org.testng.internal.invokers.TestInvoker.invokeMethod(TestInvoker.java:664)
at org.testng.internal.invokers.TestInvoker.invokeTestMethod(TestInvoker.java:227)
at org.testng.internal.invokers.MethodRunner.runInSequence(MethodRunner.java:50)
at org.testng.internal.invokers.TestInvoker$MethodInvocationAgent.invoke(TestInvoker.java:957)
at org.testng.internal.invokers.TestInvoker.invokeTestMethods(TestInvoker.java:200)
at org.testng.internal.invokers.TestMethodWorker.invokeTestMethods(TestMethodWorker.java:148)
at org.testng.internal.invokers.TestMethodWorker.run(TestMethodWorker.java:128)
at java.base/java.util.ArrayList.forEach(ArrayList.java:1511)
at org.testng.TestRunner.privateRun(TestRunner.java:848)
at org.testng.TestRunner.run(TestRunner.java:621)
at org.testng.SuiteRunner.runTest(SuiteRunner.java:443)
at org.testng.SuiteRunner.runSequentially(SuiteRunner.java:437)
at org.testng.SuiteRunner.privateRun(SuiteRunner.java:397)
at org.testng.SuiteRunner.run(SuiteRunner.java:336)
at org.testng.SuiteRunnerWorker.runSuite(SuiteRunnerWorker.java:52)
at org.testng.SuiteRunnerWorker.run(SuiteRunnerWorker.java:95)
at org.testng.TestNG.runSuitesSequentially(TestNG.java:1280)
at org.testng.TestNG.runSuitesLocally(TestNG.java:1200)
at org.testng.TestNG.runSuites(TestNG.java:1114)
at org.testng.TestNG.run(TestNG.java:1082)
at org.testng.remote.AbstractRemoteTestNG.run(AbstractRemoteTestNG.java:115)
at org.testng.remote.RemoteTestNG.initAndRun(RemoteTestNG.java:251)
at org.testng.remote.RemoteTestNG.main(RemoteTestNG.java:77)
]]>
    </error>
  </testcase> <!-- HTCOneM9 -->
  <testcase classname="testScripts.MobileTest" name="MacBookProLaptop" time="14.407">
    <system-out>
      <![CDATA[MacBook Pro Laptop is Purchased]]>
    </system-out>
  </testcase> <!-- MacBookProLaptop -->
  <testcase classname="testScripts.MobileTest" name="Delli78gbLaptop" time="18.264">
    <system-out>
      <![CDATA[Dell i7 8gb Laptop is Purchased]]>
    </system-out>
  </testcase> <!-- Delli78gbLaptop -->
  <testcase classname="testScripts.MobileTest" name="ASUSFullHD" time="15.628">
    <system-out>
      <![CDATA[ASUS Full HD is Purchased]]>
    </system-out>
  </testcase> <!-- ASUSFullHD -->
  <testcase classname="testScripts.MobileTest" name="Iphone632gb6" time="0.850">
    <error message="stale element reference: stale element not found in the current frame
  (Session info: chrome=124.0.6367.61)
For documentation on this error, please visit: https://www.selenium.dev/documentation/webdriver/troubleshooting/errors#stale-element-reference-exception
Build info: version: &#039;4.17.0&#039;, revision: &#039;e52b1be057*&#039;
System info: os.name: &#039;Windows 10&#039;, os.arch: &#039;amd64&#039;, os.version: &#039;10.0&#039;, java.version: &#039;17.0.6&#039;
Driver info: org.openqa.selenium.chrome.ChromeDriver
Command: [df3e880071d49fb86b0536f9e5b0305f, clickElement {id=f.FB6C7BE95B32C12A1BC61D90389D725A.d.E46A3160810EC9B63349D5D8E9CB13AD.e.786}]
Capabilities {acceptInsecureCerts: false, browserName: chrome, browserVersion: 124.0.6367.61, chrome: {chromedriverVersion: 124.0.6367.78 (a087f2dd364d..., userDataDir: C:\Windows\SystemTemp\scope...}, fedcm:accounts: true, goog:chromeOptions: {debuggerAddress: localhost:60414}, networkConnectionEnabled: false, pageLoadStrategy: normal, platformName: windows, proxy: Proxy(), se:cdp: ws://localhost:60414/devtoo..., se:cdpVersion: 124.0.6367.61, setWindowRect: true, strictFileInteractability: false, timeouts: {implicit: 0, pageLoad: 300000, script: 30000}, unhandledPromptBehavior: dismiss and notify, webauthn:extension:credBlob: true, webauthn:extension:largeBlob: true, webauthn:extension:minPinLength: true, webauthn:extension:prf: true, webauthn:virtualAuthenticators: true}
Element: [[ChromeDriver: chrome on windows (df3e880071d49fb86b0536f9e5b0305f)] -&gt; xpath: //a[.=&#039;Iphone 6 32gb&#039;]]
Session ID: df3e880071d49fb86b0536f9e5b0305f" type="org.openqa.selenium.StaleElementReferenceException">
      <![CDATA[org.openqa.selenium.StaleElementReferenceException: stale element reference: stale element not found in the current frame
  (Session info: chrome=124.0.6367.61)
For documentation on this error, please visit: https://www.selenium.dev/documentation/webdriver/troubleshooting/errors#stale-element-reference-exception
Build info: version: '4.17.0', revision: 'e52b1be057*'
System info: os.name: 'Windows 10', os.arch: 'amd64', os.version: '10.0', java.version: '17.0.6'
Driver info: org.openqa.selenium.chrome.ChromeDriver
Command: [df3e880071d49fb86b0536f9e5b0305f, clickElement {id=f.FB6C7BE95B32C12A1BC61D90389D725A.d.E46A3160810EC9B63349D5D8E9CB13AD.e.786}]
Capabilities {acceptInsecureCerts: false, browserName: chrome, browserVersion: 124.0.6367.61, chrome: {chromedriverVersion: 124.0.6367.78 (a087f2dd364d..., userDataDir: C:\Windows\SystemTemp\scope...}, fedcm:accounts: true, goog:chromeOptions: {debuggerAddress: localhost:60414}, networkConnectionEnabled: false, pageLoadStrategy: normal, platformName: windows, proxy: Proxy(), se:cdp: ws://localhost:60414/devtoo..., se:cdpVersion: 124.0.6367.61, setWindowRect: true, strictFileInteractability: false, timeouts: {implicit: 0, pageLoad: 300000, script: 30000}, unhandledPromptBehavior: dismiss and notify, webauthn:extension:credBlob: true, webauthn:extension:largeBlob: true, webauthn:extension:minPinLength: true, webauthn:extension:prf: true, webauthn:virtualAuthenticators: true}
Element: [[ChromeDriver: chrome on windows (df3e880071d49fb86b0536f9e5b0305f)] -> xpath: //a[.='Iphone 6 32gb']]
Session ID: df3e880071d49fb86b0536f9e5b0305f
at java.base/jdk.internal.reflect.NativeConstructorAccessorImpl.newInstance0(Native Method)
at java.base/jdk.internal.reflect.NativeConstructorAccessorImpl.newInstance(NativeConstructorAccessorImpl.java:77)
at java.base/jdk.internal.reflect.DelegatingConstructorAccessorImpl.newInstance(DelegatingConstructorAccessorImpl.java:45)
at java.base/java.lang.reflect.Constructor.newInstanceWithCaller(Constructor.java:499)
at java.base/java.lang.reflect.Constructor.newInstance(Constructor.java:480)
at org.openqa.selenium.remote.codec.w3c.W3CHttpResponseCodec.createException(W3CHttpResponseCodec.java:185)
at org.openqa.selenium.remote.codec.w3c.W3CHttpResponseCodec.decode(W3CHttpResponseCodec.java:134)
at org.openqa.selenium.remote.codec.w3c.W3CHttpResponseCodec.decode(W3CHttpResponseCodec.java:51)
at org.openqa.selenium.remote.HttpCommandExecutor.execute(HttpCommandExecutor.java:190)
at org.openqa.selenium.remote.service.DriverCommandExecutor.invokeExecute(DriverCommandExecutor.java:216)
at org.openqa.selenium.remote.service.DriverCommandExecutor.execute(DriverCommandExecutor.java:174)
at org.openqa.selenium.remote.RemoteWebDriver.execute(RemoteWebDriver.java:519)
at org.openqa.selenium.remote.RemoteWebElement.execute(RemoteWebElement.java:223)
at org.openqa.selenium.remote.RemoteWebElement.click(RemoteWebElement.java:76)
at jdk.internal.reflect.GeneratedMethodAccessor1.invoke(Unknown Source)
at java.base/jdk.internal.reflect.DelegatingMethodAccessorImpl.invoke(DelegatingMethodAccessorImpl.java:43)
at java.base/java.lang.reflect.Method.invoke(Method.java:568)
at org.openqa.selenium.support.pagefactory.internal.LocatingElementHandler.invoke(LocatingElementHandler.java:51)
at jdk.proxy2/jdk.proxy2.$Proxy17.click(Unknown Source)
at testScripts.MobileTest.Iphone632gb6(MobileTest.java:160)
at java.base/jdk.internal.reflect.NativeMethodAccessorImpl.invoke0(Native Method)
at java.base/jdk.internal.reflect.NativeMethodAccessorImpl.invoke(NativeMethodAccessorImpl.java:77)
at java.base/jdk.internal.reflect.DelegatingMethodAccessorImpl.invoke(DelegatingMethodAccessorImpl.java:43)
at java.base/java.lang.reflect.Method.invoke(Method.java:568)
at org.testng.internal.invokers.MethodInvocationHelper.invokeMethod(MethodInvocationHelper.java:139)
at org.testng.internal.invokers.TestInvoker.invokeMethod(TestInvoker.java:664)
at org.testng.internal.invokers.TestInvoker.invokeTestMethod(TestInvoker.java:227)
at org.testng.internal.invokers.MethodRunner.runInSequence(MethodRunner.java:50)
at org.testng.internal.invokers.TestInvoker$MethodInvocationAgent.invoke(TestInvoker.java:957)
at org.testng.internal.invokers.TestInvoker.invokeTestMethods(TestInvoker.java:200)
at org.testng.internal.invokers.TestMethodWorker.invokeTestMethods(TestMethodWorker.java:148)
at org.testng.internal.invokers.TestMethodWorker.run(TestMethodWorker.java:128)
at java.base/java.util.ArrayList.forEach(ArrayList.java:1511)
at org.testng.TestRunner.privateRun(TestRunner.java:848)
at org.testng.TestRunner.run(TestRunner.java:621)
at org.testng.SuiteRunner.runTest(SuiteRunner.java:443)
at org.testng.SuiteRunner.runSequentially(SuiteRunner.java:437)
at org.testng.SuiteRunner.privateRun(SuiteRunner.java:397)
at org.testng.SuiteRunner.run(SuiteRunner.java:336)
at org.testng.SuiteRunnerWorker.runSuite(SuiteRunnerWorker.java:52)
at org.testng.SuiteRunnerWorker.run(SuiteRunnerWorker.java:95)
at org.testng.TestNG.runSuitesSequentially(TestNG.java:1280)
at org.testng.TestNG.runSuitesLocally(TestNG.java:1200)
at org.testng.TestNG.runSuites(TestNG.java:1114)
at org.testng.TestNG.run(TestNG.java:1082)
at org.testng.remote.AbstractRemoteTestNG.run(AbstractRemoteTestNG.java:115)
at org.testng.remote.RemoteTestNG.initAndRun(RemoteTestNG.java:251)
at org.testng.remote.RemoteTestNG.main(RemoteTestNG.java:77)
]]>
    </error>
  </testcase> <!-- Iphone632gb6 -->
  <testcase classname="testScripts.MobileTest" name="Samsunggalaxys7" time="14.754">
    <system-out>
      <![CDATA[Samsung galaxys7 is Purchased]]>
    </system-out>
  </testcase> <!-- Samsunggalaxys7 -->
  <testcase classname="testScripts.MobileTest" name="Nexus6" time="15.212">
    <system-out>
      <![CDATA[Nexus6 is Purchased]]>
    </system-out>
  </testcase> <!-- Nexus6 -->
  <testcase classname="testScripts.MobileTest" name="Samsunggalaxys6" time="14.794">
    <system-out>
      <![CDATA[Samsung galaxys6 is Purchased]]>
    </system-out>
  </testcase> <!-- Samsunggalaxys6 -->
  <testcase classname="testScripts.MobileTest" name="MacBookairLaptop" time="17.248">
    <system-out>
      <![CDATA[MacBook air Laptop is Purchased]]>
    </system-out>
  </testcase> <!-- MacBookairLaptop -->
  <system-out>
    <![CDATA[connect to database
Before test
Before class
Login
Dell 15.6 Inch Laptop is Purchased
Logout
Login
Dell i7 8gb Laptop is Purchased
Logout
Login
MacBook Pro Laptop is Purchased
Logout
Login
MacBook air Laptop is Purchased
Logout
Login
Logout
Login
Sony vaio i7 Laptop is Purchased
Logout
After class
Before class
Login
ASUS Full HD is Purchased
Logout
Login
Apple Monitor24 is Purchased
Logout
Login
Dell 15.6 Inch Laptop is Purchased
Logout
Login
Dell i7 8gb Laptop is Purchased
Logout
Login
Logout
Login
Logout
Login
MacBook Pro Laptop is Purchased
Logout
Login
MacBook air Laptop is Purchased
Logout
Login
Nexus6 is Purchased
Logout
Login
Nokia lumia 1520 is Purchased
Logout
Login
Samsung galaxys6 is Purchased
Logout
Login
Samsung galaxys7 is Purchased
Logout
Login
Sony vaio i5 is Purchased
Logout
Login
Sony vaio i7 is Purchased
Logout
Login
Sony xperia z5 is Purchased
Logout
After class
Before class
Login
Contact Message is successfully sent 
Logout
Login
Login is successfully done
Logout
Login
Advertisement is played successfully 
Logout
Login
Signup is successfully done
Logout
After class
Before class
Login
ASUS Full HD is Purchased
Logout
Login
Apple Monitor24 is Purchased
Logout
After class
After test
close connection to database]]>
  </system-out>
</testsuite> <!-- testScripts.MobileTest -->
